<?xml version="1.0" encoding="UTF-8"?>
<!-- Generated by org.testng.reporters.JUnitReportReporter -->
<testsuite skipped="0" hostname="LenovoTP" name="MyTests" tests="2" failures="0" timestamp="2021-12-17T22:43:59 MSK" time="17.256" errors="0">
  <testcase name="test001" time="14.630" classname="MyTests"/>
  <system-out/>
  <testcase name="test002" time="2.626" classname="MyTests"/>
  <system-out/>
</testsuite> <!-- MyTests -->
