<?xml version="1.0" encoding="UTF-8"?>
<!-- Generated by org.testng.reporters.JUnitReportReporter -->
<testsuite skipped="0" hostname="LenovoTP" name="MyTests" tests="3" failures="0" timestamp="2022-01-26T19:40:15 EST" time="14.896" errors="0">
  <testcase name="test001" time="11.060" classname="MyTests"/>
  <system-out/>
  <testcase name="test003" time="1.336" classname="MyTests"/>
  <system-out/>
  <testcase name="test002" time="2.500" classname="MyTests"/>
  <system-out/>
</testsuite> <!-- MyTests -->
